build/outputs/logs/manifest-merger-debug-report.txt
-- Merging decision tree log ---
manifest
ADDED from YangTalkback_NR\AndroidManifest.xml:2:1-130:12
	package
		ADDED from YangTalkback_NR\AndroidManifest.xml:3:5-31
	android:versionName
		ADDED from YangTalkback_NR\AndroidManifest.xml:5:5-30
		INJECTED from YangTalkback_NR\AndroidManifest.xml
		INJECTED from YangTalkback_NR\AndroidManifest.xml
	android:versionCode
		ADDED from YangTalkback_NR\AndroidManifest.xml:4:5-28
		INJECTED from YangTalkback_NR\AndroidManifest.xml
		INJECTED from YangTalkback_NR\AndroidManifest.xml
	xmlns:android
		ADDED from YangTalkback_NR\AndroidManifest.xml:2:11-69
uses-sdk
ADDED from YangTalkback_NR\AndroidManifest.xml:7:5-47
	android:targetSdkVersion
		ADDED from YangTalkback_NR\AndroidManifest.xml:7:15-44
uses-permission#android.permission.DISABLE_KEYGUARD
ADDED from YangTalkback_NR\AndroidManifest.xml:9:5-75
	android:name
		ADDED from YangTalkback_NR\AndroidManifest.xml:9:22-72
uses-permission#android.permission.READ_INPUT_STATE
ADDED from YangTalkback_NR\AndroidManifest.xml:10:5-75
	android:name
		ADDED from YangTalkback_NR\AndroidManifest.xml:10:22-72
uses-permission#android.permission.BLUETOOTH
ADDED from YangTalkback_NR\AndroidManifest.xml:11:5-68
	android:name
		ADDED from YangTalkback_NR\AndroidManifest.xml:11:22-65
uses-permission#android.permission.BLUETOOTH_ADMIN
ADDED from YangTalkback_NR\AndroidManifest.xml:12:5-74
	android:name
		ADDED from YangTalkback_NR\AndroidManifest.xml:12:22-71
uses-permission#android.permission.BLUETOOTH_PRIVILEGED
ADDED from YangTalkback_NR\AndroidManifest.xml:13:5-79
	android:name
		ADDED from YangTalkback_NR\AndroidManifest.xml:13:22-76
uses-permission#android.permission.CAMERA
ADDED from YangTalkback_NR\AndroidManifest.xml:14:5-65
	android:name
		ADDED from YangTalkback_NR\AndroidManifest.xml:14:22-62
uses-permission#android.permission.RECORD_VIDEO
ADDED from YangTalkback_NR\AndroidManifest.xml:15:5-71
	android:name
		ADDED from YangTalkback_NR\AndroidManifest.xml:15:22-68
uses-permission#android.permission.RECORD_AUDIO
ADDED from YangTalkback_NR\AndroidManifest.xml:16:5-71
	android:name
		ADDED from YangTalkback_NR\AndroidManifest.xml:16:22-68
uses-permission#android.permission.VIBRATE
ADDED from YangTalkback_NR\AndroidManifest.xml:17:5-66
	android:name
		ADDED from YangTalkback_NR\AndroidManifest.xml:17:22-63
uses-permission#android.permission.ACCESS_COARSE_LOCATION
ADDED from YangTalkback_NR\AndroidManifest.xml:18:5-81
	android:name
		ADDED from YangTalkback_NR\AndroidManifest.xml:18:22-78
uses-permission#android.permission.ACCESS_FINE_LOCATION
ADDED from YangTalkback_NR\AndroidManifest.xml:19:5-79
	android:name
		ADDED from YangTalkback_NR\AndroidManifest.xml:19:22-76
uses-permission#android.permission.ACCESS_NETWORK_STATE
ADDED from YangTalkback_NR\AndroidManifest.xml:20:5-79
	android:name
		ADDED from YangTalkback_NR\AndroidManifest.xml:20:22-76
uses-permission#android.permission.STORAGE
ADDED from YangTalkback_NR\AndroidManifest.xml:21:5-66
	android:name
		ADDED from YangTalkback_NR\AndroidManifest.xml:21:22-63
uses-permission#android.permission.READ_LOGS
ADDED from YangTalkback_NR\AndroidManifest.xml:22:5-68
	android:name
		ADDED from YangTalkback_NR\AndroidManifest.xml:22:22-65
uses-permission#android.permission.MODIFY_AUDIO_SETTINGS
ADDED from YangTalkback_NR\AndroidManifest.xml:23:5-80
	android:name
		ADDED from YangTalkback_NR\AndroidManifest.xml:23:22-77
uses-permission#android.permission.RECEIVE_BOOT_COMPLETED
ADDED from YangTalkback_NR\AndroidManifest.xml:24:5-81
	android:name
		ADDED from YangTalkback_NR\AndroidManifest.xml:24:22-78
uses-permission#android.permission.RECEIVE_QUICKBOOT_POWERON
ADDED from YangTalkback_NR\AndroidManifest.xml:25:5-84
	android:name
		ADDED from YangTalkback_NR\AndroidManifest.xml:25:22-81
uses-permission#android.permission.WAKE_LOCK
ADDED from YangTalkback_NR\AndroidManifest.xml:26:5-68
	android:name
		ADDED from YangTalkback_NR\AndroidManifest.xml:26:22-65
uses-permission#android.permission.READ_EXTERNAL_STORAGE
ADDED from YangTalkback_NR\AndroidManifest.xml:27:5-80
	android:name
		ADDED from YangTalkback_NR\AndroidManifest.xml:27:22-77
uses-feature#android.hardware.camera
ADDED from YangTalkback_NR\AndroidManifest.xml:28:5-60
	android:name
		ADDED from YangTalkback_NR\AndroidManifest.xml:28:19-57
uses-feature#android.hardware.microphone
ADDED from YangTalkback_NR\AndroidManifest.xml:29:5-64
	android:name
		ADDED from YangTalkback_NR\AndroidManifest.xml:29:19-61
uses-permission#android.permission.ACCESS_WIFI_STATE
ADDED from YangTalkback_NR\AndroidManifest.xml:38:5-76
	android:name
		ADDED from YangTalkback_NR\AndroidManifest.xml:38:22-73
uses-permission#android.permission.CHANGE_WIFI_STATE
ADDED from YangTalkback_NR\AndroidManifest.xml:40:5-76
	android:name
		ADDED from YangTalkback_NR\AndroidManifest.xml:40:22-73
uses-permission#android.permission.INTERNET
ADDED from YangTalkback_NR\AndroidManifest.xml:42:5-67
	android:name
		ADDED from YangTalkback_NR\AndroidManifest.xml:42:22-64
uses-permission#android.permission.READ_PHONE_STATE
ADDED from YangTalkback_NR\AndroidManifest.xml:44:5-75
	android:name
		ADDED from YangTalkback_NR\AndroidManifest.xml:44:22-72
uses-permission#android.permission.MOUNT_UNMOUNT_FILESYSTEMS
ADDED from YangTalkback_NR\AndroidManifest.xml:46:5-84
	android:name
		ADDED from YangTalkback_NR\AndroidManifest.xml:46:22-81
uses-permission#android.permission.WRITE_EXTERNAL_STORAGE
ADDED from YangTalkback_NR\AndroidManifest.xml:48:5-81
	android:name
		ADDED from YangTalkback_NR\AndroidManifest.xml:48:22-78
uses-permission#android.permission.ACCESS_LOCATION_EXTRA_COMMANDS
ADDED from YangTalkback_NR\AndroidManifest.xml:50:5-89
	android:name
		ADDED from YangTalkback_NR\AndroidManifest.xml:50:22-86
application
ADDED from YangTalkback_NR\AndroidManifest.xml:52:5-128:19
	android:label
		ADDED from YangTalkback_NR\AndroidManifest.xml:55:9-41
	android:launchMode
		ADDED from YangTalkback_NR\AndroidManifest.xml:56:9-44
	android:configChanges
		ADDED from YangTalkback_NR\AndroidManifest.xml:53:9-44
	android:icon
		ADDED from YangTalkback_NR\AndroidManifest.xml:54:9-38
	android:theme
		ADDED from YangTalkback_NR\AndroidManifest.xml:57:9-40
meta-data#com.amap.api.v2.apikey
ADDED from YangTalkback_NR\AndroidManifest.xml:58:9-60:64
	android:value
		ADDED from YangTalkback_NR\AndroidManifest.xml:60:13-61
	android:name
		ADDED from YangTalkback_NR\AndroidManifest.xml:59:13-50
activity#yangTalkback.Act.actLogin
ADDED from YangTalkback_NR\AndroidManifest.xml:62:9-55
	android:name
		ADDED from YangTalkback_NR\AndroidManifest.xml:62:19-43
activity#yangTalkback.Act.actLoading
ADDED from YangTalkback_NR\AndroidManifest.xml:63:9-71:20
	android:screenOrientation
		ADDED from YangTalkback_NR\AndroidManifest.xml:65:13-49
	android:name
		ADDED from YangTalkback_NR\AndroidManifest.xml:64:13-39
intent-filter#android.intent.action.MAIN+android.intent.category.LAUNCHER
ADDED from YangTalkback_NR\AndroidManifest.xml:66:13-70:29
action#android.intent.action.MAIN
ADDED from YangTalkback_NR\AndroidManifest.xml:67:17-69
	android:name
		ADDED from YangTalkback_NR\AndroidManifest.xml:67:25-66
category#android.intent.category.LAUNCHER
ADDED from YangTalkback_NR\AndroidManifest.xml:69:17-77
	android:name
		ADDED from YangTalkback_NR\AndroidManifest.xml:69:27-74
activity#yangTalkback.Act.actMain
ADDED from YangTalkback_NR\AndroidManifest.xml:72:9-74:61
	android:screenOrientation
		ADDED from YangTalkback_NR\AndroidManifest.xml:74:13-49
	android:name
		ADDED from YangTalkback_NR\AndroidManifest.xml:73:13-36
activity#yangTalkback.Act.actRecord
ADDED from YangTalkback_NR\AndroidManifest.xml:75:9-77:61
	android:screenOrientation
		ADDED from YangTalkback_NR\AndroidManifest.xml:77:13-49
	android:name
		ADDED from YangTalkback_NR\AndroidManifest.xml:76:13-38
activity#yangTalkback.Act.actTalkback
ADDED from YangTalkback_NR\AndroidManifest.xml:78:9-80:61
	android:screenOrientation
		ADDED from YangTalkback_NR\AndroidManifest.xml:80:13-49
	android:name
		ADDED from YangTalkback_NR\AndroidManifest.xml:79:13-40
activity#yangTalkback.Act.actMenu1
ADDED from YangTalkback_NR\AndroidManifest.xml:81:9-83:61
	android:screenOrientation
		ADDED from YangTalkback_NR\AndroidManifest.xml:83:13-49
	android:name
		ADDED from YangTalkback_NR\AndroidManifest.xml:82:13-37
activity#yangTalkback.Act.actSetting
ADDED from YangTalkback_NR\AndroidManifest.xml:84:9-86:61
	android:screenOrientation
		ADDED from YangTalkback_NR\AndroidManifest.xml:86:13-49
	android:name
		ADDED from YangTalkback_NR\AndroidManifest.xml:85:13-39
activity#yangTalkback.Act.actTest
ADDED from YangTalkback_NR\AndroidManifest.xml:87:9-89:61
	android:screenOrientation
		ADDED from YangTalkback_NR\AndroidManifest.xml:89:13-49
	android:name
		ADDED from YangTalkback_NR\AndroidManifest.xml:88:13-36
activity#yangTalkback.Act.actGoTalkbackActivity
ADDED from YangTalkback_NR\AndroidManifest.xml:90:9-92:61
	android:screenOrientation
		ADDED from YangTalkback_NR\AndroidManifest.xml:92:13-49
	android:name
		ADDED from YangTalkback_NR\AndroidManifest.xml:91:13-50
service#yangTalkback.Act.AppStatusService
ADDED from YangTalkback_NR\AndroidManifest.xml:94:9-61
	android:name
		ADDED from YangTalkback_NR\AndroidManifest.xml:94:18-50
service#com.example.volumekey.VolumeService
ADDED from YangTalkback_NR\AndroidManifest.xml:95:9-71
	android:name
		ADDED from YangTalkback_NR\AndroidManifest.xml:95:18-68
receiver#yangTalkback.Act.BootBroadcastReceiver
ADDED from YangTalkback_NR\AndroidManifest.xml:97:9-106:20
	android:name
		ADDED from YangTalkback_NR\AndroidManifest.xml:97:19-56
intent-filter#android.intent.action.ACTION_SHUTDOWN+android.intent.action.BOOT_COMPLETED+android.intent.action.QUICKBOOT_POWEROFF+android.intent.action.QUICKBOOT_POWERON+android.intent.category.HOME
ADDED from YangTalkback_NR\AndroidManifest.xml:98:13-105:29
action#android.intent.action.QUICKBOOT_POWERON
ADDED from YangTalkback_NR\AndroidManifest.xml:99:17-89
	android:name
		ADDED from YangTalkback_NR\AndroidManifest.xml:99:25-79
action#android.intent.action.QUICKBOOT_POWEROFF
ADDED from YangTalkback_NR\AndroidManifest.xml:100:17-90
	android:name
		ADDED from YangTalkback_NR\AndroidManifest.xml:100:25-80
action#android.intent.action.BOOT_COMPLETED
ADDED from YangTalkback_NR\AndroidManifest.xml:101:17-86
	android:name
		ADDED from YangTalkback_NR\AndroidManifest.xml:101:25-76
action#android.intent.action.ACTION_SHUTDOWN
ADDED from YangTalkback_NR\AndroidManifest.xml:102:17-80
	android:name
		ADDED from YangTalkback_NR\AndroidManifest.xml:102:25-77
category#android.intent.category.HOME
ADDED from YangTalkback_NR\AndroidManifest.xml:104:17-73
	android:name
		ADDED from YangTalkback_NR\AndroidManifest.xml:104:27-70
service#com.amap.api.location.APSService
ADDED from YangTalkback_NR\AndroidManifest.xml:109:9-76
	android:name
		ADDED from YangTalkback_NR\AndroidManifest.xml:109:18-65